[debug] [2022-07-27T18:23:53.717Z] ----------------------------------------------------------------------
[debug] [2022-07-27T18:23:53.720Z] Command:       C:\Program Files\nodejs\node.exe C:\Users\Adrian\AppData\Roaming\npm\node_modules\firebase-tools\lib\bin\firebase.js init
[debug] [2022-07-27T18:23:53.721Z] CLI Version:   11.1.0
[debug] [2022-07-27T18:23:53.721Z] Platform:      win32
[debug] [2022-07-27T18:23:53.721Z] Node Version:  v16.15.1
[debug] [2022-07-27T18:23:53.722Z] Time:          Wed Jul 27 2022 15:23:53 GMT-0300 (hora estándar de Argentina)
[debug] [2022-07-27T18:23:53.723Z] ----------------------------------------------------------------------
[debug] 
[debug] [2022-07-27T18:23:53.727Z] >>> [apiv2][query] GET https://firebase-public.firebaseio.com/cli.json [none]
[debug] [2022-07-27T18:23:53.761Z] > command requires scopes: ["email","openid","https://www.googleapis.com/auth/cloudplatformprojects.readonly","https://www.googleapis.com/auth/firebase","https://www.googleapis.com/auth/cloud-platform"]
[debug] [2022-07-27T18:23:53.762Z] > authorizing via signed-in user (manbassman1996@gmail.com)
[info] 
     ######## #### ########  ######## ########     ###     ######  ########
     ##        ##  ##     ## ##       ##     ##  ##   ##  ##       ##
     ######    ##  ########  ######   ########  #########  ######  ######
     ##        ##  ##    ##  ##       ##     ## ##     ##       ## ##
     ##       #### ##     ## ######## ########  ##     ##  ######  ########

You're about to initialize a Firebase project in this directory:

  C:\Users\Adrian\desktop\src\dwf-m8\desafio-m8

[debug] [2022-07-27T18:23:54.266Z] <<< [apiv2][status] GET https://firebase-public.firebaseio.com/cli.json 200
[debug] [2022-07-27T18:23:54.266Z] <<< [apiv2][body] GET https://firebase-public.firebaseio.com/cli.json {"cloudBuildErrorAfter":1594252800000,"cloudBuildWarnAfter":1590019200000,"defaultNode10After":1594252800000,"minVersion":"3.0.5","node8DeploysDisabledAfter":1613390400000,"node8RuntimeDisabledAfter":1615809600000,"node8WarnAfter":1600128000000}
[info] 
=== Project Setup
[info] 
[info] First, let's associate this project directory with a Firebase project.
[info] You can create multiple project aliases by running firebase use --add, 
[info] but for now we'll just set up a default project.
[info] 
[debug] [2022-07-27T18:25:34.718Z] > refreshing access token with scopes: []
[debug] [2022-07-27T18:25:34.722Z] >>> [apiv2][query] POST https://www.googleapis.com/oauth2/v3/token [none]
[debug] [2022-07-27T18:25:34.722Z] >>> [apiv2][body] POST https://www.googleapis.com/oauth2/v3/token [omitted]
[debug] [2022-07-27T18:25:34.964Z] <<< [apiv2][status] POST https://www.googleapis.com/oauth2/v3/token 200
[debug] [2022-07-27T18:25:34.964Z] <<< [apiv2][body] POST https://www.googleapis.com/oauth2/v3/token [omitted]
[debug] [2022-07-27T18:25:34.981Z] >>> [apiv2][query] GET https://firebase.googleapis.com/v1beta1/projects pageSize=100
[debug] [2022-07-27T18:25:35.610Z] <<< [apiv2][status] GET https://firebase.googleapis.com/v1beta1/projects 200
[debug] [2022-07-27T18:25:35.610Z] <<< [apiv2][body] GET https://firebase.googleapis.com/v1beta1/projects [omitted]
[info] i  Using project app-pets-9a7d2 (app-pets) 
[info] 
=== Hosting Setup
[info] 
[info] Your public directory is the folder (relative to your project directory) that
[info] will contain Hosting assets to be uploaded with firebase deploy. If you
[info] have a build process for your assets, use your build's output directory.
[info] 
[debug] [2022-07-27T18:29:53.205Z] >>> [apiv2][query] GET https://www.gstatic.com/firebasejs/releases.json [none]
[debug] [2022-07-27T18:29:53.402Z] <<< [apiv2][status] GET https://www.gstatic.com/firebasejs/releases.json 200
[debug] [2022-07-27T18:29:53.402Z] <<< [apiv2][body] GET https://www.gstatic.com/firebasejs/releases.json {"current":{"version":"9.9.1","browserURL":"https://www.gstatic.com/firebasejs/9.9.1/firebase.js","packageURL":"https://www.gstatic.com/firebasejs/9.9.1/firebase.tgz"},"live":{"version":"9.9","browserURL":"https://www.gstatic.com/firebasejs/live/9.9/firebase.js","packageURL":"https://www.gstatic.com/firebasejs/live/9.9/firebase.tgz"},"components":{"analytics":"https://www.gstatic.com/firebasejs/9.9.1/firebase-analytics.js","app":"https://www.gstatic.com/firebasejs/9.9.1/firebase-app.js","app-check":"https://www.gstatic.com/firebasejs/9.9.1/firebase-app-check.js","auth":"https://www.gstatic.com/firebasejs/9.9.1/firebase-auth.js","auth/cordova":"https://www.gstatic.com/firebasejs/9.9.1/firebase-auth/cordova.js","auth/react-native":"https://www.gstatic.com/firebasejs/9.9.1/firebase-auth/react-native.js","functions":"https://www.gstatic.com/firebasejs/9.9.1/firebase-functions.js","firestore":"https://www.gstatic.com/firebasejs/9.9.1/firebase-firestore.js","firestore/lite":"https://www.gstatic.com/firebasejs/9.9.1/firebase-firestore/lite.js","installations":"https://www.gstatic.com/firebasejs/9.9.1/firebase-installations.js","storage":"https://www.gstatic.com/firebasejs/9.9.1/firebase-storage.js","performance":"https://www.gstatic.com/firebasejs/9.9.1/firebase-performance.js","remote-config":"https://www.gstatic.com/firebasejs/9.9.1/firebase-remote-config.js","messaging":"https://www.gstatic.com/firebasejs/9.9.1/firebase-messaging.js","messaging/sw":"https://www.gstatic.com/firebasejs/9.9.1/firebase-messaging/sw.js","database":"https://www.gstatic.com/firebasejs/9.9.1/firebase-database.js","firestore.memory":"https://www.gstatic.com/firebasejs/9.9.1/firebase-firestore.memory.js"}}
[info] i  Skipping write of ./index.html 
[info] 
[info] i  Detected a .git folder at C:\Users\Adrian\desktop\src\dwf-m8\desafio-m8 
[info] i  Authorizing with GitHub to upload your service account to a GitHub repository's secrets store. 
[info] 
[info] Visit this URL on this device to log in:
[info] https://github.com/login/oauth/authorize?client_id=89cf50f02ac6aaed3484&state=198592337&redirect_uri=http%3A%2F%2Flocalhost%3A9005&scope=read%3Auser%20repo%20public_repo
[info] 
[info] Waiting for authentication...
[debug] [2022-07-27T18:30:07.819Z] >>> [apiv2][query] POST https://github.com/login/oauth/access_token [none]
[debug] [2022-07-27T18:30:07.819Z] >>> [apiv2][body] POST https://github.com/login/oauth/access_token [stream]
[debug] [2022-07-27T18:30:09.006Z] <<< [apiv2][status] POST https://github.com/login/oauth/access_token 200
[debug] [2022-07-27T18:30:09.006Z] <<< [apiv2][body] POST https://github.com/login/oauth/access_token {"access_token":"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","token_type":"bearer","scope":"read:user,repo"}
[debug] [2022-07-27T18:30:09.013Z] >>> [apiv2][query] GET https://api.github.com/user [none]
[debug] [2022-07-27T18:30:10.227Z] <<< [apiv2][status] GET https://api.github.com/user 200
[debug] [2022-07-27T18:30:10.228Z] <<< [apiv2][body] GET https://api.github.com/user {"login":"Adrian8422","id":83373520,"node_id":"MDQ6VXNlcjgzMzczNTIw","avatar_url":"https://avatars.githubusercontent.com/u/83373520?v=4","gravatar_id":"","url":"https://api.github.com/users/Adrian8422","html_url":"https://github.com/Adrian8422","followers_url":"https://api.github.com/users/Adrian8422/followers","following_url":"https://api.github.com/users/Adrian8422/following{/other_user}","gists_url":"https://api.github.com/users/Adrian8422/gists{/gist_id}","starred_url":"https://api.github.com/users/Adrian8422/starred{/owner}{/repo}","subscriptions_url":"https://api.github.com/users/Adrian8422/subscriptions","organizations_url":"https://api.github.com/users/Adrian8422/orgs","repos_url":"https://api.github.com/users/Adrian8422/repos","events_url":"https://api.github.com/users/Adrian8422/events{/privacy}","received_events_url":"https://api.github.com/users/Adrian8422/received_events","type":"User","site_admin":false,"name":null,"company":null,"blog":"","location":null,"email":null,"hireable":null,"bio":null,"twitter_username":null,"public_repos":22,"public_gists":0,"followers":0,"following":0,"created_at":"2021-04-28T20:39:48Z","updated_at":"2022-07-23T19:45:48Z","private_gists":2,"total_private_repos":3,"owned_private_repos":3,"disk_usage":12102,"collaborators":0,"two_factor_authentication":false,"plan":{"name":"free","space":976562499,"collaborators":0,"private_repos":10000}}
[info] 
[info] +  Success! Logged into GitHub as Adrian8422 
[info] 
